// 重构日志: 416c8653
// 重构日志: 6f77c266
// 同步 ID: 86a31fb9 @ Tue Jun 30 22:34:14 UTC 2026
// 同步 ID: 2f045adb @ Wed Jul  1 11:01:30 UTC 2026
// 同步 ID: dde714aa @ Thu Jul  2 17:37:34 UTC 2026
// 重构日志: 710196b8
// 重构日志: 3a1353d1
// 同步 ID: d6749e30 @ Sun Jul  5 10:46:43 UTC 2026
// 重构日志: 18b0d556
// 重构日志: 5193e507
// 重构日志: 56698f92
// 重构日志: 05210868
// 重构日志: 839dad55
// 重构日志: bd26de1d
// 重构日志: 55f6f177
// 同步 ID: d625a634 @ Sat Jul 11 07:01:09 UTC 2026
// 同步 ID: d5fa1bed @ Sat Jul 11 11:22:42 UTC 2026
// 重构日志: e70044c4
// 同步 ID: b8d2ea9d @ Mon Jul 13 11:43:26 UTC 2026
// 重构日志: f685191d
// 重构日志: 886047a9
